<?xml version="1.0" encoding="UTF-8"?>
<!-- Generated by org.testng.reporters.JUnitXMLReporter -->
<testsuite ignored="0" hostname="Itctesting02" failures="0" tests="10" name="Test" time="54.478" errors="0" timestamp="2022-07-10T14:39:57 GMT+05:30">
  <testcase classname="TestNgdemo.Regist" name="test" time="6.993"/>
  <testcase classname="TestNgdemo.Contact" name="test" time="3.771"/>
  <testcase classname="ReadExcelData.RegistrationPage" name="registration" time="1.226"/>
  <testcase classname="ReadExcelData.RegistrationPage" name="registration" time="1.754"/>
  <testcase classname="ReadExcelData.Contactpage" name="test" time="0.628"/>
  <testcase classname="ReadExcelData.Contactpage" name="test" time="0.678"/>
  <testcase classname="TestNgdemo.Log" name="test" time="4.691"/>
  <testcase classname="ReadExcelData.LoginPage" name="test" time="1.186"/>
  <testcase classname="ReadExcelData.LoginPage" name="test" time="1.234"/>
  <testcase classname="ReadExcelData.LoginPage" name="test" time="1.105"/>
</testsuite> <!-- Test -->
