<?xml version="1.0" encoding="UTF-8"?>
<testng-results ignored="0" total="10" passed="10" failed="0" skipped="0">
  <reporter-output>
  </reporter-output>
  <suite started-at="2022-07-10T14:39:02 GMT+05:30" name="Suite" finished-at="2022-07-10T14:39:57 GMT+05:30" duration-ms="54478">
    <groups>
    </groups>
    <test started-at="2022-07-10T14:39:02 GMT+05:30" name="Test" finished-at="2022-07-10T14:39:57 GMT+05:30" duration-ms="54478">
      <class name="ReadExcelData.Contactpage">
        <test-method is-config="true" signature="beforeMethod()[pri:0, instance:ReadExcelData.Contactpage@23f5b5dc]" started-at="2022-07-10T14:39:30 GMT+05:30" name="beforeMethod" finished-at="2022-07-10T14:39:32 GMT+05:30" duration-ms="2297" status="PASS">
          <reporter-output>
          </reporter-output>
        </test-method> <!-- beforeMethod -->
        <test-method signature="test(java.lang.String,java.lang.String,java.lang.String,java.lang.String)[pri:0, instance:ReadExcelData.Contactpage@23f5b5dc]" started-at="2022-07-10T14:39:32 GMT+05:30" name="test" data-provider="getData" finished-at="2022-07-10T14:39:33 GMT+05:30" duration-ms="628" status="PASS">
          <params>
            <param index="0">
              <value>
                <![CDATA[Bhavani]]>
              </value>
            </param>
            <param index="1">
              <value>
                <![CDATA[vankambhavani02@gmail.com]]>
              </value>
            </param>
            <param index="2">
              <value>
                <![CDATA[Send your Resume]]>
              </value>
            </param>
            <param index="3">
              <value>
                <![CDATA[I'am quite impressed with your portfolio. May I know what is the good time to talk with you?]]>
              </value>
            </param>
          </params>
          <reporter-output>
          </reporter-output>
        </test-method> <!-- test -->
        <test-method is-config="true" signature="afterMethod()[pri:0, instance:ReadExcelData.Contactpage@23f5b5dc]" started-at="2022-07-10T14:39:33 GMT+05:30" name="afterMethod" finished-at="2022-07-10T14:39:33 GMT+05:30" duration-ms="660" status="PASS">
          <reporter-output>
          </reporter-output>
        </test-method> <!-- afterMethod -->
        <test-method is-config="true" signature="beforeMethod()[pri:0, instance:ReadExcelData.Contactpage@23f5b5dc]" started-at="2022-07-10T14:39:33 GMT+05:30" name="beforeMethod" finished-at="2022-07-10T14:39:36 GMT+05:30" duration-ms="2566" status="PASS">
          <reporter-output>
          </reporter-output>
        </test-method> <!-- beforeMethod -->
        <test-method signature="test(java.lang.String,java.lang.String,java.lang.String,java.lang.String)[pri:0, instance:ReadExcelData.Contactpage@23f5b5dc]" started-at="2022-07-10T14:39:36 GMT+05:30" name="test" data-provider="getData" finished-at="2022-07-10T14:39:37 GMT+05:30" duration-ms="678" status="PASS">
          <params>
            <param index="0">
              <value>
                <![CDATA[Lakshmi ]]>
              </value>
            </param>
            <param index="1">
              <value>
                <![CDATA[thorlakondalakshmi@gmail.com]]>
              </value>
            </param>
            <param index="2">
              <value>
                <![CDATA[Send your Resume]]>
              </value>
            </param>
            <param index="3">
              <value>
                <![CDATA[I'am quite impressed with your portfolio. May I know what is the good time to talk with you?]]>
              </value>
            </param>
          </params>
          <reporter-output>
          </reporter-output>
        </test-method> <!-- test -->
        <test-method is-config="true" signature="afterMethod()[pri:0, instance:ReadExcelData.Contactpage@23f5b5dc]" started-at="2022-07-10T14:39:37 GMT+05:30" name="afterMethod" finished-at="2022-07-10T14:39:37 GMT+05:30" duration-ms="680" status="PASS">
          <reporter-output>
          </reporter-output>
        </test-method> <!-- afterMethod -->
      </class> <!-- ReadExcelData.Contactpage -->
      <class name="ReadExcelData.RegistrationPage">
        <test-method is-config="true" signature="beforeMethod()[pri:0, instance:ReadExcelData.RegistrationPage@782859e]" started-at="2022-07-10T14:39:18 GMT+05:30" name="beforeMethod" finished-at="2022-07-10T14:39:22 GMT+05:30" duration-ms="3692" status="PASS">
          <reporter-output>
          </reporter-output>
        </test-method> <!-- beforeMethod -->
        <test-method signature="registration(java.lang.String,java.lang.String,java.lang.String,java.lang.String,java.lang.String,java.lang.String,java.lang.String,java.lang.String,java.lang.String,java.lang.String,java.lang.String,java.lang.String)[pri:0, instance:ReadExcelData.RegistrationPage@782859e]" started-at="2022-07-10T14:39:22 GMT+05:30" name="registration" data-provider="getData" finished-at="2022-07-10T14:39:23 GMT+05:30" duration-ms="1226" status="PASS">
          <params>
            <param index="0">
              <value>
                <![CDATA[Rahul]]>
              </value>
            </param>
            <param index="1">
              <value>
                <![CDATA[Kumar]]>
              </value>
            </param>
            <param index="2">
              <value>
                <![CDATA[20062022]]>
              </value>
            </param>
            <param index="3">
              <value>
                <![CDATA[rahul800201@gmail.com]]>
              </value>
            </param>
            <param index="4">
              <value>
                <![CDATA[9089496572]]>
              </value>
            </param>
            <param index="5">
              <value>
                <![CDATA[Male]]>
              </value>
            </param>
            <param index="6">
              <value>
                <![CDATA[Soladevanahalli, Bengaluru]]>
              </value>
            </param>
            <param index="7">
              <value>
                <![CDATA[Karnataka]]>
              </value>
            </param>
            <param index="8">
              <value>
                <![CDATA[Rahul_Resume]]>
              </value>
            </param>
            <param index="9">
              <value>
                <![CDATA[20062022]]>
              </value>
            </param>
            <param index="10">
              <value>
                <![CDATA[Rahul@123]]>
              </value>
            </param>
            <param index="11">
              <value>
                <![CDATA[Rahul@123]]>
              </value>
            </param>
          </params>
          <reporter-output>
          </reporter-output>
        </test-method> <!-- registration -->
        <test-method is-config="true" signature="afterMethod()[pri:0, instance:ReadExcelData.RegistrationPage@782859e]" started-at="2022-07-10T14:39:23 GMT+05:30" name="afterMethod" finished-at="2022-07-10T14:39:24 GMT+05:30" duration-ms="782" status="PASS">
          <reporter-output>
          </reporter-output>
        </test-method> <!-- afterMethod -->
        <test-method is-config="true" signature="beforeMethod()[pri:0, instance:ReadExcelData.RegistrationPage@782859e]" started-at="2022-07-10T14:39:24 GMT+05:30" name="beforeMethod" finished-at="2022-07-10T14:39:27 GMT+05:30" duration-ms="3371" status="PASS">
          <reporter-output>
          </reporter-output>
        </test-method> <!-- beforeMethod -->
        <test-method signature="registration(java.lang.String,java.lang.String,java.lang.String,java.lang.String,java.lang.String,java.lang.String,java.lang.String,java.lang.String,java.lang.String,java.lang.String,java.lang.String,java.lang.String)[pri:0, instance:ReadExcelData.RegistrationPage@782859e]" started-at="2022-07-10T14:39:27 GMT+05:30" name="registration" data-provider="getData" finished-at="2022-07-10T14:39:29 GMT+05:30" duration-ms="1754" status="PASS">
          <params>
            <param index="0">
              <value>
                <![CDATA[Vasanth]]>
              </value>
            </param>
            <param index="1">
              <value>
                <![CDATA[Kumar]]>
              </value>
            </param>
            <param index="2">
              <value>
                <![CDATA[20062022]]>
              </value>
            </param>
            <param index="3">
              <value>
                <![CDATA[24vasanthakumarj@gmail.com]]>
              </value>
            </param>
            <param index="4">
              <value>
                <![CDATA[9342556624]]>
              </value>
            </param>
            <param index="5">
              <value>
                <![CDATA[Male]]>
              </value>
            </param>
            <param index="6">
              <value>
                <![CDATA[Tiruppur, Tamilnadu]]>
              </value>
            </param>
            <param index="7">
              <value>
                <![CDATA[Tamilnadu]]>
              </value>
            </param>
            <param index="8">
              <value>
                <![CDATA[Vasanth_Resume]]>
              </value>
            </param>
            <param index="9">
              <value>
                <![CDATA[20062022]]>
              </value>
            </param>
            <param index="10">
              <value>
                <![CDATA[Vasanth@123]]>
              </value>
            </param>
            <param index="11">
              <value>
                <![CDATA[Vasanth@123]]>
              </value>
            </param>
          </params>
          <reporter-output>
          </reporter-output>
        </test-method> <!-- registration -->
        <test-method is-config="true" signature="afterMethod()[pri:0, instance:ReadExcelData.RegistrationPage@782859e]" started-at="2022-07-10T14:39:29 GMT+05:30" name="afterMethod" finished-at="2022-07-10T14:39:30 GMT+05:30" duration-ms="733" status="PASS">
          <reporter-output>
          </reporter-output>
        </test-method> <!-- afterMethod -->
      </class> <!-- ReadExcelData.RegistrationPage -->
      <class name="TestNgdemo.Contact">
        <test-method is-config="true" signature="beforeSuite()[pri:0, instance:TestNgdemo.Contact@3932c79a]" started-at="2022-07-10T14:39:02 GMT+05:30" name="beforeSuite" finished-at="2022-07-10T14:39:02 GMT+05:30" duration-ms="7" status="PASS">
          <reporter-output>
          </reporter-output>
        </test-method> <!-- beforeSuite -->
        <test-method is-config="true" signature="beforeTest()[pri:0, instance:TestNgdemo.Contact@3932c79a]" started-at="2022-07-10T14:39:02 GMT+05:30" name="beforeTest" finished-at="2022-07-10T14:39:02 GMT+05:30" duration-ms="0" status="PASS">
          <reporter-output>
          </reporter-output>
        </test-method> <!-- beforeTest -->
        <test-method is-config="true" signature="beforeClass()[pri:0, instance:TestNgdemo.Contact@3932c79a]" started-at="2022-07-10T14:39:09 GMT+05:30" name="beforeClass" finished-at="2022-07-10T14:39:09 GMT+05:30" duration-ms="1" status="PASS">
          <reporter-output>
          </reporter-output>
        </test-method> <!-- beforeClass -->
        <test-method signature="test()[pri:0, instance:TestNgdemo.Contact@3932c79a]" started-at="2022-07-10T14:39:09 GMT+05:30" name="test" finished-at="2022-07-10T14:39:13 GMT+05:30" duration-ms="3771" status="PASS">
          <reporter-output>
          </reporter-output>
        </test-method> <!-- test -->
        <test-method is-config="true" signature="beforeMethod()[pri:0, instance:TestNgdemo.Contact@3932c79a]" started-at="2022-07-10T14:39:09 GMT+05:30" name="beforeMethod" finished-at="2022-07-10T14:39:09 GMT+05:30" duration-ms="0" status="PASS">
          <reporter-output>
          </reporter-output>
        </test-method> <!-- beforeMethod -->
        <test-method is-config="true" signature="afterMethod()[pri:0, instance:TestNgdemo.Contact@3932c79a]" started-at="2022-07-10T14:39:13 GMT+05:30" name="afterMethod" finished-at="2022-07-10T14:39:17 GMT+05:30" duration-ms="4205" status="PASS">
          <reporter-output>
          </reporter-output>
        </test-method> <!-- afterMethod -->
        <test-method is-config="true" signature="afterClass()[pri:0, instance:TestNgdemo.Contact@3932c79a]" started-at="2022-07-10T14:39:17 GMT+05:30" name="afterClass" finished-at="2022-07-10T14:39:17 GMT+05:30" duration-ms="1" status="PASS">
          <reporter-output>
          </reporter-output>
        </test-method> <!-- afterClass -->
        <test-method is-config="true" signature="afterTest()[pri:0, instance:TestNgdemo.Contact@3932c79a]" started-at="2022-07-10T14:39:57 GMT+05:30" name="afterTest" finished-at="2022-07-10T14:39:57 GMT+05:30" duration-ms="1" status="PASS">
          <reporter-output>
          </reporter-output>
        </test-method> <!-- afterTest -->
        <test-method is-config="true" signature="afterSuite()[pri:0, instance:TestNgdemo.Contact@3932c79a]" started-at="2022-07-10T14:39:57 GMT+05:30" name="afterSuite" finished-at="2022-07-10T14:39:57 GMT+05:30" duration-ms="0" status="PASS">
          <reporter-output>
          </reporter-output>
        </test-method> <!-- afterSuite -->
      </class> <!-- TestNgdemo.Contact -->
      <class name="ReadExcelData.LoginPage">
        <test-method is-config="true" signature="beforeMethod()[pri:0, instance:ReadExcelData.LoginPage@1b1cfb87]" started-at="2022-07-10T14:39:42 GMT+05:30" name="beforeMethod" finished-at="2022-07-10T14:39:45 GMT+05:30" duration-ms="3040" status="PASS">
          <reporter-output>
          </reporter-output>
        </test-method> <!-- beforeMethod -->
        <test-method signature="test(java.lang.String,java.lang.String)[pri:0, instance:ReadExcelData.LoginPage@1b1cfb87]" started-at="2022-07-10T14:39:45 GMT+05:30" name="test" data-provider="getData" finished-at="2022-07-10T14:39:46 GMT+05:30" duration-ms="1186" status="PASS">
          <params>
            <param index="0">
              <value>
                <![CDATA[priya@gmail.com]]>
              </value>
            </param>
            <param index="1">
              <value>
                <![CDATA[Priya@123]]>
              </value>
            </param>
          </params>
          <reporter-output>
          </reporter-output>
        </test-method> <!-- test -->
        <test-method is-config="true" signature="afterMethod()[pri:0, instance:ReadExcelData.LoginPage@1b1cfb87]" started-at="2022-07-10T14:39:46 GMT+05:30" name="afterMethod" finished-at="2022-07-10T14:39:47 GMT+05:30" duration-ms="727" status="PASS">
          <reporter-output>
          </reporter-output>
        </test-method> <!-- afterMethod -->
        <test-method is-config="true" signature="beforeMethod()[pri:0, instance:ReadExcelData.LoginPage@1b1cfb87]" started-at="2022-07-10T14:39:47 GMT+05:30" name="beforeMethod" finished-at="2022-07-10T14:39:50 GMT+05:30" duration-ms="2885" status="PASS">
          <reporter-output>
          </reporter-output>
        </test-method> <!-- beforeMethod -->
        <test-method signature="test(java.lang.String,java.lang.String)[pri:0, instance:ReadExcelData.LoginPage@1b1cfb87]" started-at="2022-07-10T14:39:50 GMT+05:30" name="test" data-provider="getData" finished-at="2022-07-10T14:39:51 GMT+05:30" duration-ms="1234" status="PASS">
          <params>
            <param index="0">
              <value>
                <![CDATA[jaswanthi@gmail.com]]>
              </value>
            </param>
            <param index="1">
              <value>
                <![CDATA[Jashu@123]]>
              </value>
            </param>
          </params>
          <reporter-output>
          </reporter-output>
        </test-method> <!-- test -->
        <test-method is-config="true" signature="afterMethod()[pri:0, instance:ReadExcelData.LoginPage@1b1cfb87]" started-at="2022-07-10T14:39:51 GMT+05:30" name="afterMethod" finished-at="2022-07-10T14:39:52 GMT+05:30" duration-ms="706" status="PASS">
          <reporter-output>
          </reporter-output>
        </test-method> <!-- afterMethod -->
        <test-method is-config="true" signature="beforeMethod()[pri:0, instance:ReadExcelData.LoginPage@1b1cfb87]" started-at="2022-07-10T14:39:52 GMT+05:30" name="beforeMethod" finished-at="2022-07-10T14:39:55 GMT+05:30" duration-ms="2802" status="PASS">
          <reporter-output>
          </reporter-output>
        </test-method> <!-- beforeMethod -->
        <test-method signature="test(java.lang.String,java.lang.String)[pri:0, instance:ReadExcelData.LoginPage@1b1cfb87]" started-at="2022-07-10T14:39:55 GMT+05:30" name="test" data-provider="getData" finished-at="2022-07-10T14:39:56 GMT+05:30" duration-ms="1105" status="PASS">
          <params>
            <param index="0">
              <value>
                <![CDATA[]]>
              </value>
            </param>
            <param index="1">
              <value>
                <![CDATA[]]>
              </value>
            </param>
          </params>
          <reporter-output>
          </reporter-output>
        </test-method> <!-- test -->
        <test-method is-config="true" signature="afterMethod()[pri:0, instance:ReadExcelData.LoginPage@1b1cfb87]" started-at="2022-07-10T14:39:56 GMT+05:30" name="afterMethod" finished-at="2022-07-10T14:39:57 GMT+05:30" duration-ms="745" status="PASS">
          <reporter-output>
          </reporter-output>
        </test-method> <!-- afterMethod -->
      </class> <!-- ReadExcelData.LoginPage -->
      <class name="TestNgdemo.Log">
        <test-method is-config="true" signature="beforeSuite()[pri:0, instance:TestNgdemo.Log@34bde49d]" started-at="2022-07-10T14:39:02 GMT+05:30" name="beforeSuite" finished-at="2022-07-10T14:39:02 GMT+05:30" duration-ms="0" status="PASS">
          <reporter-output>
          </reporter-output>
        </test-method> <!-- beforeSuite -->
        <test-method is-config="true" signature="beforeTest()[pri:0, instance:TestNgdemo.Log@34bde49d]" started-at="2022-07-10T14:39:02 GMT+05:30" name="beforeTest" finished-at="2022-07-10T14:39:02 GMT+05:30" duration-ms="0" status="PASS">
          <reporter-output>
          </reporter-output>
        </test-method> <!-- beforeTest -->
        <test-method is-config="true" signature="beforeMethod()[pri:0, instance:TestNgdemo.Log@34bde49d]" started-at="2022-07-10T14:39:37 GMT+05:30" name="beforeMethod" finished-at="2022-07-10T14:39:37 GMT+05:30" duration-ms="0" status="PASS">
          <reporter-output>
          </reporter-output>
        </test-method> <!-- beforeMethod -->
        <test-method is-config="true" signature="beforeClass()[pri:0, instance:TestNgdemo.Log@34bde49d]" started-at="2022-07-10T14:39:37 GMT+05:30" name="beforeClass" finished-at="2022-07-10T14:39:37 GMT+05:30" duration-ms="0" status="PASS">
          <reporter-output>
          </reporter-output>
        </test-method> <!-- beforeClass -->
        <test-method signature="test()[pri:0, instance:TestNgdemo.Log@34bde49d]" started-at="2022-07-10T14:39:37 GMT+05:30" name="test" finished-at="2022-07-10T14:39:42 GMT+05:30" duration-ms="4691" status="PASS">
          <reporter-output>
          </reporter-output>
        </test-method> <!-- test -->
        <test-method is-config="true" signature="afterMethod()[pri:0, instance:TestNgdemo.Log@34bde49d]" started-at="2022-07-10T14:39:42 GMT+05:30" name="afterMethod" finished-at="2022-07-10T14:39:42 GMT+05:30" duration-ms="112" status="PASS">
          <reporter-output>
          </reporter-output>
        </test-method> <!-- afterMethod -->
        <test-method is-config="true" signature="afterClass()[pri:0, instance:TestNgdemo.Log@34bde49d]" started-at="2022-07-10T14:39:42 GMT+05:30" name="afterClass" finished-at="2022-07-10T14:39:42 GMT+05:30" duration-ms="0" status="PASS">
          <reporter-output>
          </reporter-output>
        </test-method> <!-- afterClass -->
        <test-method is-config="true" signature="afterTest()[pri:0, instance:TestNgdemo.Log@34bde49d]" started-at="2022-07-10T14:39:57 GMT+05:30" name="afterTest" finished-at="2022-07-10T14:39:57 GMT+05:30" duration-ms="0" status="PASS">
          <reporter-output>
          </reporter-output>
        </test-method> <!-- afterTest -->
        <test-method is-config="true" signature="afterSuite()[pri:0, instance:TestNgdemo.Log@34bde49d]" started-at="2022-07-10T14:39:57 GMT+05:30" name="afterSuite" finished-at="2022-07-10T14:39:57 GMT+05:30" duration-ms="0" status="PASS">
          <reporter-output>
          </reporter-output>
        </test-method> <!-- afterSuite -->
      </class> <!-- TestNgdemo.Log -->
      <class name="TestNgdemo.Regist">
        <test-method is-config="true" signature="beforeMethod()[pri:0, instance:TestNgdemo.Regist@70cf32e3]" started-at="2022-07-10T14:39:02 GMT+05:30" name="beforeMethod" finished-at="2022-07-10T14:39:02 GMT+05:30" duration-ms="0" status="PASS">
          <reporter-output>
          </reporter-output>
        </test-method> <!-- beforeMethod -->
        <test-method signature="test()[pri:0, instance:TestNgdemo.Regist@70cf32e3]" started-at="2022-07-10T14:39:02 GMT+05:30" name="test" finished-at="2022-07-10T14:39:09 GMT+05:30" duration-ms="6993" status="PASS">
          <reporter-output>
          </reporter-output>
        </test-method> <!-- test -->
        <test-method is-config="true" signature="afterMethod()[pri:0, instance:TestNgdemo.Regist@70cf32e3]" started-at="2022-07-10T14:39:09 GMT+05:30" name="afterMethod" finished-at="2022-07-10T14:39:09 GMT+05:30" duration-ms="214" status="PASS">
          <reporter-output>
          </reporter-output>
        </test-method> <!-- afterMethod -->
      </class> <!-- TestNgdemo.Regist -->
    </test> <!-- Test -->
  </suite> <!-- Suite -->
</testng-results>
